<?xml version="1.0" encoding="UTF-8"?>
<!-- Generated by org.testng.reporters.JUnitReportReporter -->
<testsuite hostname="hello-lenovo" failures="0" tests="1" name="com.inetbanking.testCases.TC_LoginTest_001" time="1.555" errors="0" timestamp="2023-07-16T16:50:08 IST" skipped="0">
  <testcase classname="com.inetbanking.testCases.TC_LoginTest_001" name="loginTest" time="1.555"/>
  <system-out/>
</testsuite> <!-- com.inetbanking.testCases.TC_LoginTest_001 -->
